This is pdfTeX, Version 3.1415926-2.4-1.40.13 (TeX Live 2012/Mandriva) (format=latex 2012.12.12)  18 DEC 2012 23:07
entering extended mode
 restricted \write18 enabled.
 %&-line parsing enabled.
**gnustep-internals.tex
(./gnustep-internals.tex
LaTeX2e <2011/06/27>
Babel <v3.8m> and hyphenation patterns for english, dumylang, nohyphenation, ge
rman-x-2012-05-30, ngerman-x-2012-05-30, basque, catalan, czech, dutch, ukengli
sh, usenglishmax, french, galician, german, ngerman, swissgerman, italian, poli
sh, portuguese, slovak, spanish, loaded.
(/usr/share/texmf-dist/tex/latex/base/article.cls
Document Class: article 2007/10/19 v1.4h Standard LaTeX document class
(/usr/share/texmf-dist/tex/latex/base/size10.clo
File: size10.clo 2007/10/19 v1.4h Standard LaTeX file (size option)
)
\c@part=\count79
\c@section=\count80
\c@subsection=\count81
\c@subsubsection=\count82
\c@paragraph=\count83
\c@subparagraph=\count84
\c@figure=\count85
\c@table=\count86
\abovecaptionskip=\skip41
\belowcaptionskip=\skip42
\bibindent=\dimen102
)
(/usr/share/texmf-dist/tex/latex/geometry/geometry.sty
Package: geometry 2010/09/12 v5.6 Page Geometry

(/usr/share/texmf-dist/tex/latex/graphics/keyval.sty
Package: keyval 1999/03/16 v1.13 key=value parser (DPC)
\KV@toks@=\toks14
)
(/usr/share/texmf-dist/tex/generic/oberdiek/ifpdf.sty
Package: ifpdf 2011/01/30 v2.3 Provides the ifpdf switch (HO)
Package ifpdf Info: pdfTeX in PDF mode is not detected.
)
(/usr/share/texmf-dist/tex/generic/oberdiek/ifvtex.sty
Package: ifvtex 2010/03/01 v1.5 Detect VTeX and its facilities (HO)
Package ifvtex Info: VTeX not detected.
)
(/usr/share/texmf-dist/tex/generic/ifxetex/ifxetex.sty
Package: ifxetex 2010/09/12 v0.6 Provides ifxetex conditional
)
\Gm@cnth=\count87
\Gm@cntv=\count88
\c@Gm@tempcnt=\count89
\Gm@bindingoffset=\dimen103
\Gm@wd@mp=\dimen104
\Gm@odd@mp=\dimen105
\Gm@even@mp=\dimen106
\Gm@layoutwidth=\dimen107
\Gm@layoutheight=\dimen108
\Gm@layouthoffset=\dimen109
\Gm@layoutvoffset=\dimen110
\Gm@dimlist=\toks15


Package geometry Warning: `includemp' should be set to `true' or `false'.

) (./gnustep-internals.aux)
\openout1 = `gnustep-internals.aux'.

LaTeX Font Info:    Checking defaults for OML/cmm/m/it on input line 10.
LaTeX Font Info:    ... okay on input line 10.
LaTeX Font Info:    Checking defaults for T1/cmr/m/n on input line 10.
LaTeX Font Info:    ... okay on input line 10.
LaTeX Font Info:    Checking defaults for OT1/cmr/m/n on input line 10.
LaTeX Font Info:    ... okay on input line 10.
LaTeX Font Info:    Checking defaults for OMS/cmsy/m/n on input line 10.
LaTeX Font Info:    ... okay on input line 10.
LaTeX Font Info:    Checking defaults for OMX/cmex/m/n on input line 10.
LaTeX Font Info:    ... okay on input line 10.
LaTeX Font Info:    Checking defaults for U/cmr/m/n on input line 10.
LaTeX Font Info:    ... okay on input line 10.

*geometry* driver: auto-detecting
*geometry* detected driver: dvips
*geometry* verbose mode - [ preamble ] result:
* driver: dvips
* paper: a4paper
* layout: <same size as paper>
* layoutoffset:(h,v)=(0.0pt,0.0pt)
* modes: 
* h-part:(L,W,R)=(89.62709pt, 418.25368pt, 89.6271pt)
* v-part:(T,H,B)=(101.40665pt, 591.5302pt, 152.11pt)
* \paperwidth=597.50787pt
* \paperheight=845.04684pt
* \textwidth=418.25368pt
* \textheight=591.5302pt
* \oddsidemargin=17.3571pt
* \evensidemargin=17.3571pt
* \topmargin=-7.86334pt
* \headheight=12.0pt
* \headsep=25.0pt
* \topskip=10.0pt
* \footskip=30.0pt
* \marginparwidth=57.0pt
* \marginparsep=11.0pt
* \columnsep=10.0pt
* \skip\footins=9.0pt plus 4.0pt minus 2.0pt
* \hoffset=0.0pt
* \voffset=0.0pt
* \mag=1000
* \@twocolumnfalse
* \@twosidefalse
* \@mparswitchfalse
* \@reversemarginfalse
* (1in=72.27pt=25.4mm, 1cm=28.453pt)

LaTeX Font Info:    External font `cmex10' loaded for size
(Font)              <12> on input line 14.
LaTeX Font Info:    External font `cmex10' loaded for size
(Font)              <8> on input line 14.
LaTeX Font Info:    External font `cmex10' loaded for size
(Font)              <6> on input line 14.
(./gnustep-internals.toc)
\tf@toc=\write3
\openout3 = `gnustep-internals.toc'.

 [1

]
Overfull \hbox (21.30092pt too wide) in paragraph at lines 48--52
[]\OT1/cmr/m/n/10 Make will pro-cess your \OT1/cmtt/m/n/10 GNUmakefile\OT1/cmr/
m/n/10 , which in-cludes \OT1/cmtt/m/n/10 tool.make\OT1/cmr/m/n/10 , and that w
ill in-clude \OT1/cmtt/m/n/10 rules.make\OT1/cmr/m/n/10 .
 []


Overfull \hbox (28.35612pt too wide) in paragraph at lines 84--87
\OT1/cmr/m/n/10 This means that to build \OT1/cmtt/m/n/10 internal-all\OT1/cmr/
m/n/10 , make has to build (at least) the \OT1/cmtt/m/n/10 decrypt.all.tool.var
iables
 []

[2] [3] [4] (./gnustep-internals.aux) ) 
Here is how much of TeX's memory you used:
 757 strings out of 494764
 10209 string characters out of 3173669
 66659 words of memory out of 3000000
 4037 multiletter control sequences out of 15000+200000
 7756 words of font info for 28 fonts, out of 3000000 for 9000
 134 hyphenation exceptions out of 8191
 23i,6n,19p,183b,245s stack positions out of 5000i,500n,10000p,200000b,50000s

Output written on gnustep-internals.dvi (4 pages, 10088 bytes).
