This is pdfTeX, Version 3.1415926-2.4-1.40.13 (TeX Live 2012/Mandriva) (format=pdfetex 2012.12.12)  18 DEC 2012 23:07
entering extended mode
 restricted \write18 enabled.
 file:line:error style messages enabled.
 %&-line parsing enabled.
**./gnustep-make.texi
(./gnustep-make.texi (/usr/share/texmf-dist/tex/texinfo/texinfo.tex
Loading texinfo [version 2012-07-29.17]:
\bindingoffset=\dimen16
\normaloffset=\dimen17
\pagewidth=\dimen18
\pageheight=\dimen19
\outerhsize=\dimen20
\outervsize=\dimen21
\cornerlong=\dimen22
\cornerthick=\dimen23
\topandbottommargin=\dimen24
\headlinebox=\box16
\footlinebox=\box17
\margin=\insert252
\EMsimple=\toks13
\groupbox=\box18
\groupinvalidhelp=\toks14
\mil=\dimen25
\exdentamount=\skip18
\inmarginspacing=\skip19
\centerpenalty=\count27
 pdf,
\tempnum=\count28
\lnkcount=\count29
\filename=\toks15
\filenamelength=\count30
\pgn=\count31
\toksA=\toks16
\toksB=\toks17
\toksC=\toks18
\toksD=\toks19
\boxA=\box19
\countA=\count32
\nopdfimagehelp=\toks20
 fonts,
\sffam=\fam8
\textleading=\dimen26
 markup,
\fontdepth=\count33
 glyphs,
\errorbox=\box20

page headings,
\titlepagetopglue=\skip20
\titlepagebottomglue=\skip21
\evenheadline=\toks21
\oddheadline=\toks22
\evenfootline=\toks23
\oddfootline=\toks24
 tables,
\tableindent=\dimen27
\itemindent=\dimen28
\itemmargin=\dimen29
\itemmax=\dimen30
\itemno=\count34
\multitableparskip=\skip22
\multitableparindent=\skip23
\multitablecolspace=\dimen31
\multitablelinespace=\skip24
\colcount=\count35
\everytab=\toks25
 conditionals,
\doignorecount=\count36
 indexing,
\whatsitskip=\skip25
\whatsitpenalty=\count37
\secondaryindent=\skip26
\partialpage=\box21
\doublecolumnhsize=\dimen32
 sectioning,
\unnumberedno=\count38
\chapno=\count39
\secno=\count40
\subsecno=\count41
\subsubsecno=\count42
\appendixno=\count43
\absseclevel=\count44
\secbase=\count45
\chapheadingskip=\skip27
\secheadingskip=\skip28
\subsecheadingskip=\skip29
 toc,
\tocfile=\write0
\contentsrightmargin=\skip30
\savepageno=\count46
\lastnegativepageno=\count47
\tocindent=\dimen33
 environments,
\lispnarrowing=\skip31
\envskipamount=\skip32
\circthick=\dimen34
\cartouter=\dimen35
\cartinner=\dimen36
\normbskip=\skip33
\normpskip=\skip34
\normlskip=\skip35
\lskip=\skip36
\rskip=\skip37
\nonfillparindent=\dimen37
\tabw=\dimen38
\verbbox=\box22

defuns,
\defbodyindent=\skip38
\defargsindent=\skip39
\deflastargmargin=\skip40
\defunpenalty=\count48
\parencount=\count49
\brackcount=\count50
 macros,
\paramno=\count51
\macname=\toks26
 cross references,
\auxfile=\write1
\savesfregister=\count52
\toprefbox=\box23
\printedrefnamebox=\box24
\infofilenamebox=\box25
\printedmanualbox=\box26
 insertions,
\footnoteno=\count53
\SAVEfootins=\box27
\SAVEmargin=\box28

(/usr/share/texmf-dist/tex/generic/epsf/epsf.tex
This is `epsf.tex' v2.7.4 <14 February 2011>
\epsffilein=\read1
\epsfframemargin=\dimen39
\epsfframethickness=\dimen40
\epsfrsize=\dimen41
\epsftmp=\dimen42
\epsftsize=\dimen43
\epsfxsize=\dimen44
\epsfysize=\dimen45
\pspoints=\dimen46
)
\noepsfhelp=\toks27
 localization,
\nolanghelp=\toks28
\countUTFx=\count54
\countUTFy=\count55
\countUTFz=\count56
 formatting,
\defaultparindent=\dimen47
 and turning on texinfo input format.)
(./gnustep-make.aux)
\openout1 = `gnustep-make.aux'.

@cpindfile=@write2
@fnindfile=@write3
@vrindfile=@write4
@tpindfile=@write5
@kyindfile=@write6
@pgindfile=@write7
 [2
\openout2 = `gnustep-make.cp'.

\openout3 = `gnustep-make.fn'.

\openout4 = `gnustep-make.vr'.

\openout5 = `gnustep-make.tp'.

\openout6 = `gnustep-make.ky'.

\openout7 = `gnustep-make.pg'.

{/usr/share/texmf/fonts/map/pdftex/updmap/pdftex.map}]
[3] (./gnustep-make.toc) [-1] [-2] (./gnustep-make.toc) (./gnustep-make.toc)
Chapter 1
\openout0 = `gnustep-make.toc'.

 [1] [2] [3] [4] [5] [6]
Underfull \hbox (badness 10000) in paragraph at lines 480--484
[]@textrm To add the co-rres-pon-ding flags, you can use @texttt ADDITIONAL_

@hbox(7.60416+2.12917)x361.34999, glue set 4.5654
.@hbox(0.0+0.0)x15.0
.@textrm T
.@kern-0.91252
.@textrm o
.@glue 3.65 plus 1.825 minus 1.21666
.etc.


Underfull \hbox (badness 10000) in paragraph at lines 480--484
@texttt NATIVE_LIB_DIRS += ../MyPath[] @textrm This will be con-ver-ted in-to -


@hbox(7.60416+2.43333)x361.34999, glue set 5.92516
.@texttt N
.@texttt A
.@texttt T
.@texttt I
.@texttt V
.etc.

[7] [8] [9]
Overfull \hbox (120.22624pt too wide) in paragraph at lines 671--671
 []@texttt Source:         ftp://ftp.gnustep.org/pub/gnustep/libs/%{gs_name}-%{
gs_version}.[] |

@hbox(7.60416+2.43333)x361.34999
.@glue(@leftskip) 21.68121
.@hbox(0.0+0.0)x0.0
.@texttt S
.@texttt o
.@texttt u
.etc.

[10] [11] [12] [13] [14] [15]
Underfull \hbox (badness 7030) in paragraph at lines 1031--1043
 @textrm na-mes, which are @texttt ApplicationSupport[]@textrm , @texttt Bundle
s[]@textrm , @texttt Frameworks[]@textrm ,

@hbox(7.60416+2.43333)x361.34999, glue set 4.12859
.@glue(@leftskip) 14.22636
.@textrm n
.@textrm a
.@discretionary
..@textrm -
.@textrm m
.etc.


Underfull \hbox (badness 10000) in paragraph at lines 1031--1043
 @texttt ApplicationSupport/Palettes[]@textrm , @texttt Services[]@textrm , @te
xttt Libraries/Resources[]

@hbox(7.60416+2.43333)x361.34999, glue set 5.10933
.@glue(@leftskip) 14.22636
.@texttt A
.@texttt p
.@texttt p
.@texttt l
.etc.


Underfull \hbox (badness 7704) in paragraph at lines 1031--1043
 @texttt GNUSTEP_LIBRARY/ApplicationSupport[]@textrm , @texttt GNUSTEP_LIBRARY/
Bundles[]@textrm ,

@hbox(7.60416+2.43333)x361.34999, glue set 4.2587
.@glue(@leftskip) 14.22636
.@texttt G
.@texttt N
.@texttt U
.@texttt S
.etc.

[16] [17] [18] [19] [20] [21] [22] [23] [24] ) 
Here is how much of TeX's memory you used:
 2057 strings out of 496720
 25764 string characters out of 3194820
 65861 words of memory out of 3000000
 3182 multiletter control sequences out of 15000+200000
 32127 words of font info for 112 fonts, out of 3000000 for 9000
 189 hyphenation exceptions out of 8191
 13i,6n,16p,289b,567s stack positions out of 5000i,500n,10000p,200000b,50000s
</usr/share/texmf-dist/fonts/type
1/public/amsfonts/cm/cmb10.pfb></usr/share/texmf-dist/fonts/type1/public/amsfon
ts/cm/cmbx12.pfb></usr/share/texmf-dist/fonts/type1/public/amsfonts/cm/cmmi10.p
fb></usr/share/texmf-dist/fonts/type1/public/amsfonts/cm/cmmi12.pfb></usr/share
/texmf-dist/fonts/type1/public/amsfonts/cm/cmr10.pfb></usr/share/texmf-dist/fon
ts/type1/public/amsfonts/cm/cmsy10.pfb></usr/share/texmf-dist/fonts/type1/publi
c/amsfonts/cm/cmti10.pfb></usr/share/texmf-dist/fonts/type1/public/amsfonts/cm/
cmtt10.pfb></usr/share/texmf-dist/fonts/type1/public/amsfonts/cm/cmtt12.pfb></u
sr/share/texmf-dist/fonts/type1/public/amsfonts/cm/cmtt9.pfb>
Output written on gnustep-make.pdf (28 pages, 194163 bytes).
PDF statistics:
 431 PDF objects out of 1000 (max. 8388607)
 378 compressed objects within 4 object streams
 62 named destinations out of 1000 (max. 500000)
 301 words of extra memory for PDF output out of 10000 (max. 10000000)

