This is pdfTeX, Version 3.1415926-2.4-1.40.13 (TeX Live 2012/Mandriva) (format=pdfetex 2012.12.12)  18 DEC 2012 23:07
entering extended mode
 restricted \write18 enabled.
 file:line:error style messages enabled.
 %&-line parsing enabled.
**./gnustep-filesystem.texi
(./gnustep-filesystem.texi (/usr/share/texmf-dist/tex/texinfo/texinfo.tex
Loading texinfo [version 2012-07-29.17]:
\bindingoffset=\dimen16
\normaloffset=\dimen17
\pagewidth=\dimen18
\pageheight=\dimen19
\outerhsize=\dimen20
\outervsize=\dimen21
\cornerlong=\dimen22
\cornerthick=\dimen23
\topandbottommargin=\dimen24
\headlinebox=\box16
\footlinebox=\box17
\margin=\insert252
\EMsimple=\toks13
\groupbox=\box18
\groupinvalidhelp=\toks14
\mil=\dimen25
\exdentamount=\skip18
\inmarginspacing=\skip19
\centerpenalty=\count27
 pdf,
\tempnum=\count28
\lnkcount=\count29
\filename=\toks15
\filenamelength=\count30
\pgn=\count31
\toksA=\toks16
\toksB=\toks17
\toksC=\toks18
\toksD=\toks19
\boxA=\box19
\countA=\count32
\nopdfimagehelp=\toks20
 fonts,
\sffam=\fam8
\textleading=\dimen26
 markup,
\fontdepth=\count33
 glyphs,
\errorbox=\box20

page headings,
\titlepagetopglue=\skip20
\titlepagebottomglue=\skip21
\evenheadline=\toks21
\oddheadline=\toks22
\evenfootline=\toks23
\oddfootline=\toks24
 tables,
\tableindent=\dimen27
\itemindent=\dimen28
\itemmargin=\dimen29
\itemmax=\dimen30
\itemno=\count34
\multitableparskip=\skip22
\multitableparindent=\skip23
\multitablecolspace=\dimen31
\multitablelinespace=\skip24
\colcount=\count35
\everytab=\toks25
 conditionals,
\doignorecount=\count36
 indexing,
\whatsitskip=\skip25
\whatsitpenalty=\count37
\secondaryindent=\skip26
\partialpage=\box21
\doublecolumnhsize=\dimen32
 sectioning,
\unnumberedno=\count38
\chapno=\count39
\secno=\count40
\subsecno=\count41
\subsubsecno=\count42
\appendixno=\count43
\absseclevel=\count44
\secbase=\count45
\chapheadingskip=\skip27
\secheadingskip=\skip28
\subsecheadingskip=\skip29
 toc,
\tocfile=\write0
\contentsrightmargin=\skip30
\savepageno=\count46
\lastnegativepageno=\count47
\tocindent=\dimen33
 environments,
\lispnarrowing=\skip31
\envskipamount=\skip32
\circthick=\dimen34
\cartouter=\dimen35
\cartinner=\dimen36
\normbskip=\skip33
\normpskip=\skip34
\normlskip=\skip35
\lskip=\skip36
\rskip=\skip37
\nonfillparindent=\dimen37
\tabw=\dimen38
\verbbox=\box22

defuns,
\defbodyindent=\skip38
\defargsindent=\skip39
\deflastargmargin=\skip40
\defunpenalty=\count48
\parencount=\count49
\brackcount=\count50
 macros,
\paramno=\count51
\macname=\toks26
 cross references,
\auxfile=\write1
\savesfregister=\count52
\toprefbox=\box23
\printedrefnamebox=\box24
\infofilenamebox=\box25
\printedmanualbox=\box26
 insertions,
\footnoteno=\count53
\SAVEfootins=\box27
\SAVEmargin=\box28

(/usr/share/texmf-dist/tex/generic/epsf/epsf.tex
This is `epsf.tex' v2.7.4 <14 February 2011>
\epsffilein=\read1
\epsfframemargin=\dimen39
\epsfframethickness=\dimen40
\epsfrsize=\dimen41
\epsftmp=\dimen42
\epsftsize=\dimen43
\epsfxsize=\dimen44
\epsfysize=\dimen45
\pspoints=\dimen46
)
\noepsfhelp=\toks27
 localization,
\nolanghelp=\toks28
\countUTFx=\count54
\countUTFy=\count55
\countUTFz=\count56
 formatting,
\defaultparindent=\dimen47
 and turning on texinfo input format.) [2{/usr/share/texmf/fonts/map/pdftex/upd
map/pdftex.map}] [3] (./gnustep-filesystem.toc)
[-1] (./gnustep-filesystem.toc) (./gnustep-filesystem.toc)
(GNUstep Filesystem Hierarchy)
\openout0 = `gnustep-filesystem.toc'.


@xrdef{Top-title}{GNUstep Filesystem Hierarchy}
@xrdef{Top-snt}{}
@xrdef{The System Domain-title}{The System Domain}
@xrdef{The System Domain-snt}{}
[1
@xrdef{Top-pg}{1}
@xrdef{The System Domain-pg}{1}
]
@xrdef{The Local Domain-title}{The Local Domain}
@xrdef{The Local Domain-snt}{}
@xrdef{The Network Domain-title}{The Network Domain}
@xrdef{The Network Domain-snt}{}
[2
@xrdef{The Local Domain-pg}{2}
@xrdef{The Network Domain-pg}{2}
]
@xrdef{The Users Domain-title}{The Users Domain}
@xrdef{The Users Domain-snt}{}
@xrdef{Structure of a Domain-title}{Structure of a Domain}
@xrdef{Structure of a Domain-snt}{}
@xrdef{The GNUstep Filesystem Layout-title}{The GNUstep Filesystem Layout}
@xrdef{The GNUstep Filesystem Layout-snt}{}
[3
@xrdef{The Users Domain-pg}{3}
@xrdef{Structure of a Domain-pg}{3}
@xrdef{The GNUstep Filesystem Layout-pg}{3}
]
@xrdef{Accessing Domain Locations-title}{Accessing Domain Locations}
@xrdef{Accessing Domain Locations-snt}{}

Overfull \hbox (40.62396pt too wide) in paragraph at lines 256--264
[]@textrm GNUstep-base pro-vi-des you with the @texttt NSSearchPathForDirectori
esInDomains()[]|

@hbox(7.60416+2.12917)x361.34999, glue set - 1.0
.@hbox(0.0+0.0)x15.0
.@textrm G
.@textrm N
.@textrm U
.@textrm s
.etc.


Underfull \hbox (badness 10000) in paragraph at lines 265--271
@texttt GNUSTEP_NETWORK_APPS[]@textrm , @texttt GNUSTEP_LOCAL_APPS[] @textrm an
d @texttt GNUSTEP_USER_

@hbox(7.60416+2.12917)x361.34999, glue set 6.15953
.@texttt G
.@texttt N
.@texttt U
.@texttt S
.@texttt T
.etc.

@xrdef{Applications-title}{Applications}
@xrdef{Applications-snt}{}
[4
@xrdef{Accessing Domain Locations-pg}{4}
]
Underfull \hbox (badness 10000) in paragraph at lines 301--304
[]@textrm In gnustep-base, the @texttt Applications[] @textrm lo-ca-tions are a
vai-la-

@hbox(7.60416+2.43333)x361.34999, glue set 6.83167
.@hbox(0.0+0.0)x15.0
.@textrm I
.@textrm n
.@glue 3.65 plus 1.825 minus 1.21666
.@textrm g
.etc.


Underfull \hbox (badness 10000) in paragraph at lines 301--304
@textrm ble by using the @texttt NSApplicationDirectory[] @textrm di-rec-tory k
ey for

@hbox(7.60416+2.43333)x361.34999, glue set 5.5882
.@textrm b
.@textrm l
.@textrm e
.@glue 3.65 plus 1.825 minus 1.21666
.@textrm b
.etc.

@xrdef{Admin Applications-title}{Admin Applications}
@xrdef{Admin Applications-snt}{}
@xrdef{Web Applications-title}{Web Applications}
@xrdef{Web Applications-snt}{}

Underfull \hbox (badness 10000) in paragraph at lines 342--345
[]@textrm In gnustep-base, the @texttt Web Applications[] @textrm lo-ca-tions a
re avai-la-

@hbox(7.60416+2.43333)x361.34999, glue set 4.99968
.@hbox(0.0+0.0)x15.0
.@textrm I
.@textrm n
.@glue 3.65 plus 1.825 minus 1.21666
.@textrm g
.etc.


Underfull \hbox (badness 7595) in paragraph at lines 342--345
@textrm ble by using the @texttt GSWebApplicationDirectory[] @textrm di-rec-tor
y key for

@hbox(7.60416+2.43333)x361.34999, glue set 4.2382
.@textrm b
.@textrm l
.@textrm e
.@glue 3.65 plus 1.825 minus 1.21666
.@textrm b
.etc.

[5
@xrdef{Applications-pg}{5}
@xrdef{Admin Applications-pg}{5}
@xrdef{Web Applications-pg}{5}
]
@xrdef{Tools-title}{Tools}
@xrdef{Tools-snt}{}

Underfull \hbox (badness 10000) in paragraph at lines 371--374
[]@textrm In gnustep-base, the @texttt Tools[] @textrm lo-ca-tions are avai-la-


@hbox(7.60416+2.12917)x361.34999, glue set 10.35963
.@hbox(0.0+0.0)x15.0
.@textrm I
.@textrm n
.@glue 3.65 plus 1.825 minus 1.21666
.@textrm g
.etc.


Underfull \hbox (badness 10000) in paragraph at lines 371--374
@textrm ble by using the @texttt GSToolsDirectory[] @textrm di-rec-tory key for


@hbox(7.60416+2.43333)x361.34999, glue set 8.28818
.@textrm b
.@textrm l
.@textrm e
.@glue 3.65 plus 1.825 minus 1.21666
.@textrm b
.etc.

@xrdef{Admin Tools-title}{Admin Tools}
@xrdef{Admin Tools-snt}{}

Underfull \hbox (badness 10000) in paragraph at lines 392--395
[]@textrm In gnustep-base, the @texttt Admin Tools[] @textrm lo-ca-tions are av
ai-la-

@hbox(7.60416+2.12917)x361.34999, glue set 7.51965
.@hbox(0.0+0.0)x15.0
.@textrm I
.@textrm n
.@glue 3.65 plus 1.825 minus 1.21666
.@textrm g
.etc.


Underfull \hbox (badness 10000) in paragraph at lines 392--395
@textrm ble by using the @texttt GSAdminToolsDirectory[] @textrm di-rec-tory ke
y for

@hbox(7.60416+2.43333)x361.34999, glue set 6.0382
.@textrm b
.@textrm l
.@textrm e
.@glue 3.65 plus 1.825 minus 1.21666
.@textrm b
.etc.

@xrdef{Library-title}{Library}
@xrdef{Library-snt}{}
[6
@xrdef{Tools-pg}{6}
@xrdef{Admin Tools-pg}{6}
@xrdef{Library-pg}{6}
]
Underfull \hbox (badness 10000) in paragraph at lines 430--433
[]@textrm In gnustep-base, the @texttt Library[] @textrm lo-ca-tions are avai-l
a-

@hbox(7.60416+2.43333)x361.34999, glue set 9.35165
.@hbox(0.0+0.0)x15.0
.@textrm I
.@textrm n
.@glue 3.65 plus 1.825 minus 1.21666
.@textrm g
.etc.


Underfull \hbox (badness 10000) in paragraph at lines 430--433
@textrm ble by using the @texttt NSLibraryDirectory[] @textrm di-rec-tory key f
or

@hbox(7.60416+2.43333)x361.34999, glue set 7.38818
.@textrm b
.@textrm l
.@textrm e
.@glue 3.65 plus 1.825 minus 1.21666
.@textrm b
.etc.

@xrdef{Headers-title}{Headers}
@xrdef{Headers-snt}{}
@xrdef{Libraries-title}{Libraries}
@xrdef{Libraries-snt}{}
[7
@xrdef{Headers-pg}{7}
@xrdef{Libraries-pg}{7}
]
Underfull \hbox (badness 10000) in paragraph at lines 476--479
[]@textrm In gnustep-base, the @texttt Libraries[] @textrm lo-ca-tions are avai
-la-

@hbox(7.60416+2.12917)x361.34999, glue set 8.34366
.@hbox(0.0+0.0)x15.0
.@textrm I
.@textrm n
.@glue 3.65 plus 1.825 minus 1.21666
.@textrm g
.etc.


Underfull \hbox (badness 10000) in paragraph at lines 476--479
@textrm ble by using the @texttt GSLibrariesDirectory[] @textrm di-rec-tory key
 for

@hbox(7.60416+2.43333)x361.34999, glue set 6.48819
.@textrm b
.@textrm l
.@textrm e
.@glue 3.65 plus 1.825 minus 1.21666
.@textrm b
.etc.

@xrdef{Documentation-title}{Documentation}
@xrdef{Documentation-snt}{}

Underfull \hbox (badness 10000) in paragraph at lines 494--497
[]@textrm In gnustep-base, the @texttt Documentation[] @textrm lo-ca-tions are 
avai-la-

@hbox(7.60416+2.12917)x361.34999, glue set 6.32767
.@hbox(0.0+0.0)x15.0
.@textrm I
.@textrm n
.@glue 3.65 plus 1.825 minus 1.21666
.@textrm g
.etc.


Underfull \hbox (badness 10000) in paragraph at lines 494--497
@textrm ble by using the @texttt NSDocumentationDirectory[] @textrm di-rec-tory
 key for

@hbox(7.60416+2.43333)x361.34999, glue set 4.6882
.@textrm b
.@textrm l
.@textrm e
.@glue 3.65 plus 1.825 minus 1.21666
.@textrm b
.etc.

@xrdef{Documentation (Info)-title}{Documentation (Info)}
@xrdef{Documentation (Info)-snt}{}
@xrdef{Documentation (Man Pages)-title}{Documentation (Man Pages)}
@xrdef{Documentation (Man Pages)-snt}{}
@xrdef{Folders inside Library-title}{Folders inside Library}
@xrdef{Folders inside Library-snt}{}
[8
@xrdef{Documentation-pg}{8}
@xrdef{Documentation (Info)-pg}{8}
@xrdef{Documentation (Man Pages)-pg}{8}
@xrdef{Folders inside Library-pg}{8}
]
@xrdef{ApplicationSupport-title}{ApplicationSupport}
@xrdef{ApplicationSupport-snt}{}

Underfull \hbox (badness 10000) in paragraph at lines 591--594
@textrm by using the @texttt NSApplicationSupportDirectory[] @textrm di-rec-tor
y key for

@hbox(7.60416+2.43333)x361.34999, glue set 4.45572
.@textrm b
.@kern-0.30418
.@textrm y
.@glue 3.65 plus 1.825 minus 1.21666
.@textrm u
.etc.

@xrdef{Bundles-title}{Bundles}
@xrdef{Bundles-snt}{}
@xrdef{ColorPickers-title}{ColorPickers}
@xrdef{ColorPickers-snt}{}
[9
@xrdef{ApplicationSupport-pg}{9}
@xrdef{Bundles-pg}{9}
@xrdef{ColorPickers-pg}{9}
]
@xrdef{Colors-title}{Colors}
@xrdef{Colors-snt}{}
@xrdef{DTDs-title}{DTDs}
@xrdef{DTDs-snt}{}
@xrdef{DocTemplates-title}{DocTemplates}
@xrdef{DocTemplates-snt}{}
@xrdef{Fonts-title}{Fonts}
@xrdef{Fonts-snt}{}
@xrdef{Frameworks-title}{Frameworks}
@xrdef{Frameworks-snt}{}

Underfull \hbox (badness 10000) in paragraph at lines 688--691
[]@textrm In gnustep-base, the @texttt Frameworks[] @textrm lo-ca-tions are ava
i-la-

@hbox(7.60416+2.12917)x361.34999, glue set 7.83966
.@hbox(0.0+0.0)x15.0
.@textrm I
.@textrm n
.@glue 3.65 plus 1.825 minus 1.21666
.@textrm g
.etc.


Underfull \hbox (badness 10000) in paragraph at lines 688--691
@textrm ble by using the @texttt GSFrameworksDirectory[] @textrm di-rec-tory ke
y for

@hbox(7.60416+2.43333)x361.34999, glue set 6.0382
.@textrm b
.@textrm l
.@textrm e
.@glue 3.65 plus 1.825 minus 1.21666
.@textrm b
.etc.

@xrdef{Images-title}{Images}
@xrdef{Images-snt}{}
[10
@xrdef{Colors-pg}{10}
@xrdef{DTDs-pg}{10}
@xrdef{DocTemplates-pg}{10}
@xrdef{Fonts-pg}{10}
@xrdef{Frameworks-pg}{10}
]
@xrdef{Libraries/Java-title}{Libraries/Java}
@xrdef{Libraries/Java-snt}{}
@xrdef{Libraries/Resources-title}{Libraries/Resources}
@xrdef{Libraries/Resources-snt}{}
@xrdef{KeyBindings-title}{KeyBindings}
@xrdef{KeyBindings-snt}{}
@xrdef{PostScript-title}{PostScript}
@xrdef{PostScript-snt}{}
@xrdef{Services-title}{Services}
@xrdef{Services-snt}{}
[11
@xrdef{Images-pg}{11}
@xrdef{Libraries/Java-pg}{11}
@xrdef{Libraries/Resources-pg}{11}
@xrdef{KeyBindings-pg}{11}
@xrdef{PostScript-pg}{11}
@xrdef{Services-pg}{11}
]
@xrdef{Sounds-title}{Sounds}
@xrdef{Sounds-snt}{}
@xrdef{Tools/Resources-title}{Tools/Resources}
@xrdef{Tools/Resources-snt}{}
@xrdef{Configuration-title}{Configuration}
@xrdef{Configuration-snt}{}
[12
@xrdef{Sounds-pg}{12}
@xrdef{Tools/Resources-pg}{12}
@xrdef{Configuration-pg}{12}
]
@xrdef{File Format-title}{File Format}
@xrdef{File Format-snt}{}
@xrdef{Windows (MINGW)-title}{Windows (MINGW)}
@xrdef{Windows (MINGW)-snt}{}
[13
@xrdef{File Format-pg}{13}
@xrdef{Windows (MINGW)-pg}{13}
]
Overfull \hbox (56.00218pt too wide) in paragraph at lines 893--897
[]@textrm In ot-her words, gnustep-make will use C:/xxx/usr/local/etc/GNUstep/G
NUstep.conf|

@hbox(8.2125+2.73749)x361.34999, glue set - 1.0
.@hbox(0.0+0.0)x15.0
.@textrm I
.@textrm n
.@glue 3.65 plus 1.825 minus 1.21666
.@textrm o
.etc.

[14] ) 
Here is how much of TeX's memory you used:
 1912 strings out of 496720
 23338 string characters out of 3194820
 63387 words of memory out of 3000000
 3055 multiletter control sequences out of 15000+200000
 32127 words of font info for 112 fonts, out of 3000000 for 9000
 189 hyphenation exceptions out of 8191
 13i,5n,16p,295b,519s stack positions out of 5000i,500n,10000p,200000b,50000s
</usr/share/texmf-dist/fonts/type1/public/amsfonts/cm/cmbx12.pfb></usr/sh
are/texmf-dist/fonts/type1/public/amsfonts/cm/cmmi10.pfb></usr/share/texmf-dist
/fonts/type1/public/amsfonts/cm/cmmi12.pfb></usr/share/texmf-dist/fonts/type1/p
ublic/amsfonts/cm/cmr10.pfb></usr/share/texmf-dist/fonts/type1/public/amsfonts/
cm/cmtt10.pfb>
Output written on gnustep-filesystem.pdf (17 pages, 114203 bytes).
PDF statistics:
 314 PDF objects out of 1000 (max. 8388607)
 278 compressed objects within 3 object streams
 54 named destinations out of 1000 (max. 500000)
 325 words of extra memory for PDF output out of 10000 (max. 10000000)

