This file contains any messages produced by compilers while
running configure, to aid debugging if configure makes a mistake.

It was created by configure, which was
generated by GNU Autoconf 2.65.  Invocation command line was

  $ ./configure --build=x86_64-mandriva-linux-gnu --disable-silent-rules --prefix=/usr --exec-prefix=/usr --bindir=/usr/bin --sbindir=/usr/sbin --sysconfdir=/etc --datadir=/usr/share --includedir=/usr/include --libdir=/usr/lib64 --libexecdir=/usr/lib64 --localstatedir=/var --sharedstatedir=/usr/com --mandir=/usr/share/man --infodir=/usr/share/info --x-includes=/usr/include --x-libraries=/usr/lib64 --with-layout=fhs-system --with-user-dir=.gnustep

## --------- ##
## Platform. ##
## --------- ##

hostname = filzbach.lindev.ch
uname -m = x86_64
uname -r = 3.6.7-nrj-desktop-1rosa
uname -s = Linux
uname -v = #1 SMP PREEMPT Thu Nov 22 12:37:04 UTC 2012

/usr/bin/uname -p = unknown
/bin/uname -X     = unknown

/bin/arch              = x86_64
/usr/bin/arch -k       = unknown
/usr/convex/getsysinfo = unknown
/usr/bin/hostinfo      = unknown
/bin/machine           = unknown
/usr/bin/oslevel       = unknown
/bin/universe          = unknown

PATH: /usr/bin
PATH: /bin
PATH: /usr/local/bin
PATH: /usr/X11R6/bin/
PATH: /usr/games
PATH: /usr/lib/qt4/bin
PATH: /home/bero/repos/linaro-android/scripts
PATH: /home/bero/bin
PATH: /home/bero/repos/linaro-android/scripts


## ----------- ##
## Core tests. ##
## ----------- ##

configure:2287: checking for gcc
configure:2303: found /usr/bin/gcc
configure:2314: result: gcc
configure:2543: checking for C compiler version
configure:2552: gcc --version >&5
gcc (Linaro GCC 4.7-2012.12) 4.7.3 20121205 (Mandriva)
Copyright (C) 2012 Free Software Foundation, Inc.
This is free software; see the source for copying conditions.  There is NO
warranty; not even for MERCHANTABILITY or FITNESS FOR A PARTICULAR PURPOSE.

configure:2563: $? = 0
configure:2552: gcc -v >&5
Using built-in specs.
COLLECT_GCC=gcc
COLLECT_LTO_WRAPPER=/usr/lib64/gcc/x86_64-mandriva-linux-gnu/4.7.3/lto-wrapper
Target: x86_64-mandriva-linux-gnu
Configured with: ./configure --build=x86_64-mandriva-linux-gnu --disable-silent-rules --prefix=/usr --exec-prefix=/usr --bindir=/usr/bin --sbindir=/usr/sbin --sysconfdir=/etc --datadir=/usr/share --includedir=/usr/include --libdir=/usr/lib64 --libexecdir=/usr/lib64 --localstatedir=/var --sharedstatedir=/usr/com --mandir=/usr/share/man --infodir=/usr/share/info --x-includes=/usr/include --x-libraries=/usr/lib64 --disable-libjava-multilib --with-java-home=/usr/lib/jvm/java-1.5.0-gcj-1.5.0.0/jre --with-ecj-jar=/usr/share/java/eclipse-ecj.jar --enable-java-awt=gtk --enable-gtk-cairo --with-cloog --with-ppl --enable-cloog-backend=ppl --disable-libssp --disable-libunwind-exceptions --disable-werror --enable-__cxa_atexit --enable-gold=default --with-plugin-ld=/usr/bin/ld --enable-bootstrap --enable-checking=release --enable-gnu-unique-object --enable-languages=c,ada,c++,fortran,go,java,lto,objc,obj-c++ --enable-linker-build-id --enable-plugin --enable-lto --enable-shared --enable-threads=posix --with-system-zlib --with-bugurl=https://qa.mandriva.com/ --with-tune=generic --with-arch_32=i586 --with-multilib-list=m32,m64 --host=x86_64-mandriva-linux-gnu --target=x86_64-mandriva-linux-gnu
Thread model: posix
gcc version 4.7.3 20121205 (Mandriva) (Linaro GCC 4.7-2012.12) 
configure:2563: $? = 0
configure:2552: gcc -V >&5
gcc: error: unrecognized command line option '-V'
gcc: fatal error: no input files
compilation terminated.
configure:2563: $? = 1
configure:2552: gcc -qversion >&5
gcc: error: unrecognized command line option '-qversion'
gcc: fatal error: no input files
compilation terminated.
configure:2563: $? = 1
configure:2583: checking whether the C compiler works
configure:2605: gcc -O2 -Wa,--compress-debug-sections -gdwarf-4 -fvar-tracking-assignments -frecord-gcc-switches -Wstrict-aliasing=2 -pipe -Wformat -Werror=format-security -Wp,-D_FORTIFY_SOURCE=2 -fstack-protector --param=ssp-buffer-size=4 -fPIC   -Wl,--as-needed -Wl,-z,relro -Wl,-O1 -Wl,--build-id -Wl,--enable-new-dtags -Wl,--hash-style=gnu conftest.c  >&5
configure:2609: $? = 0
configure:2658: result: yes
configure:2661: checking for C compiler default output file name
configure:2663: result: a.out
configure:2669: checking for suffix of executables
configure:2676: gcc -o conftest -O2 -Wa,--compress-debug-sections -gdwarf-4 -fvar-tracking-assignments -frecord-gcc-switches -Wstrict-aliasing=2 -pipe -Wformat -Werror=format-security -Wp,-D_FORTIFY_SOURCE=2 -fstack-protector --param=ssp-buffer-size=4 -fPIC   -Wl,--as-needed -Wl,-z,relro -Wl,-O1 -Wl,--build-id -Wl,--enable-new-dtags -Wl,--hash-style=gnu conftest.c  >&5
configure:2680: $? = 0
configure:2702: result: 
configure:2724: checking whether we are cross compiling
configure:2732: gcc -o conftest -O2 -Wa,--compress-debug-sections -gdwarf-4 -fvar-tracking-assignments -frecord-gcc-switches -Wstrict-aliasing=2 -pipe -Wformat -Werror=format-security -Wp,-D_FORTIFY_SOURCE=2 -fstack-protector --param=ssp-buffer-size=4 -fPIC   -Wl,--as-needed -Wl,-z,relro -Wl,-O1 -Wl,--build-id -Wl,--enable-new-dtags -Wl,--hash-style=gnu conftest.c  >&5
configure:2736: $? = 0
configure:2743: ./conftest
configure:2747: $? = 0
configure:2762: result: no
configure:2767: checking for suffix of object files
configure:2789: gcc -c -O2 -Wa,--compress-debug-sections -gdwarf-4 -fvar-tracking-assignments -frecord-gcc-switches -Wstrict-aliasing=2 -pipe -Wformat -Werror=format-security -Wp,-D_FORTIFY_SOURCE=2 -fstack-protector --param=ssp-buffer-size=4 -fPIC  conftest.c >&5
configure:2793: $? = 0
configure:2814: result: o
configure:2818: checking whether we are using the GNU C compiler
configure:2837: gcc -c -O2 -Wa,--compress-debug-sections -gdwarf-4 -fvar-tracking-assignments -frecord-gcc-switches -Wstrict-aliasing=2 -pipe -Wformat -Werror=format-security -Wp,-D_FORTIFY_SOURCE=2 -fstack-protector --param=ssp-buffer-size=4 -fPIC  conftest.c >&5
configure:2837: $? = 0
configure:2846: result: yes
configure:2855: checking whether gcc accepts -g
configure:2875: gcc -c -g  conftest.c >&5
configure:2875: $? = 0
configure:2916: result: yes
configure:2933: checking for gcc option to accept ISO C89
configure:2997: gcc  -c -O2 -Wa,--compress-debug-sections -gdwarf-4 -fvar-tracking-assignments -frecord-gcc-switches -Wstrict-aliasing=2 -pipe -Wformat -Werror=format-security -Wp,-D_FORTIFY_SOURCE=2 -fstack-protector --param=ssp-buffer-size=4 -fPIC  conftest.c >&5
configure:2997: $? = 0
configure:3010: result: none needed
configure:3035: checking how to run the C preprocessor
configure:3066: gcc -E  conftest.c
configure:3066: $? = 0
configure:3080: gcc -E  conftest.c
conftest.c:9:28: fatal error: ac_nonexistent.h: No such file or directory
compilation terminated.
configure:3080: $? = 1
configure: failed program was:
| /* confdefs.h */
| #define PACKAGE_NAME ""
| #define PACKAGE_TARNAME ""
| #define PACKAGE_VERSION ""
| #define PACKAGE_STRING ""
| #define PACKAGE_BUGREPORT ""
| #define PACKAGE_URL ""
| /* end confdefs.h.  */
| #include <ac_nonexistent.h>
configure:3105: result: gcc -E
configure:3125: gcc -E  conftest.c
configure:3125: $? = 0
configure:3139: gcc -E  conftest.c
conftest.c:9:28: fatal error: ac_nonexistent.h: No such file or directory
compilation terminated.
configure:3139: $? = 1
configure: failed program was:
| /* confdefs.h */
| #define PACKAGE_NAME ""
| #define PACKAGE_TARNAME ""
| #define PACKAGE_VERSION ""
| #define PACKAGE_STRING ""
| #define PACKAGE_BUGREPORT ""
| #define PACKAGE_URL ""
| /* end confdefs.h.  */
| #include <ac_nonexistent.h>
configure:3230: checking for g++
configure:3246: found /usr/bin/g++
configure:3257: result: g++
configure:3284: checking for C++ compiler version
configure:3293: g++ --version >&5
g++ (Linaro GCC 4.7-2012.12) 4.7.3 20121205 (Mandriva)
Copyright (C) 2012 Free Software Foundation, Inc.
This is free software; see the source for copying conditions.  There is NO
warranty; not even for MERCHANTABILITY or FITNESS FOR A PARTICULAR PURPOSE.

configure:3304: $? = 0
configure:3293: g++ -v >&5
Using built-in specs.
COLLECT_GCC=g++
COLLECT_LTO_WRAPPER=/usr/lib64/gcc/x86_64-mandriva-linux-gnu/4.7.3/lto-wrapper
Target: x86_64-mandriva-linux-gnu
Configured with: ./configure --build=x86_64-mandriva-linux-gnu --disable-silent-rules --prefix=/usr --exec-prefix=/usr --bindir=/usr/bin --sbindir=/usr/sbin --sysconfdir=/etc --datadir=/usr/share --includedir=/usr/include --libdir=/usr/lib64 --libexecdir=/usr/lib64 --localstatedir=/var --sharedstatedir=/usr/com --mandir=/usr/share/man --infodir=/usr/share/info --x-includes=/usr/include --x-libraries=/usr/lib64 --disable-libjava-multilib --with-java-home=/usr/lib/jvm/java-1.5.0-gcj-1.5.0.0/jre --with-ecj-jar=/usr/share/java/eclipse-ecj.jar --enable-java-awt=gtk --enable-gtk-cairo --with-cloog --with-ppl --enable-cloog-backend=ppl --disable-libssp --disable-libunwind-exceptions --disable-werror --enable-__cxa_atexit --enable-gold=default --with-plugin-ld=/usr/bin/ld --enable-bootstrap --enable-checking=release --enable-gnu-unique-object --enable-languages=c,ada,c++,fortran,go,java,lto,objc,obj-c++ --enable-linker-build-id --enable-plugin --enable-lto --enable-shared --enable-threads=posix --with-system-zlib --with-bugurl=https://qa.mandriva.com/ --with-tune=generic --with-arch_32=i586 --with-multilib-list=m32,m64 --host=x86_64-mandriva-linux-gnu --target=x86_64-mandriva-linux-gnu
Thread model: posix
gcc version 4.7.3 20121205 (Mandriva) (Linaro GCC 4.7-2012.12) 
configure:3304: $? = 0
configure:3293: g++ -V >&5
g++: error: unrecognized command line option '-V'
g++: fatal error: no input files
compilation terminated.
configure:3304: $? = 1
configure:3293: g++ -qversion >&5
g++: error: unrecognized command line option '-qversion'
g++: fatal error: no input files
compilation terminated.
configure:3304: $? = 1
configure:3308: checking whether we are using the GNU C++ compiler
configure:3327: g++ -c -O2 -Wa,--compress-debug-sections -gdwarf-4 -fvar-tracking-assignments -frecord-gcc-switches -Wstrict-aliasing=2 -pipe -Wformat -Werror=format-security -Wp,-D_FORTIFY_SOURCE=2 -fstack-protector --param=ssp-buffer-size=4 -fPIC  conftest.cpp >&5
configure:3327: $? = 0
configure:3336: result: yes
configure:3345: checking whether g++ accepts -g
configure:3365: g++ -c -g  conftest.cpp >&5
configure:3365: $? = 0
configure:3406: result: yes
configure:3462: checking build system type
configure:3476: result: x86_64-mandriva-linux-gnu
configure:3496: checking host system type
configure:3509: result: x86_64-mandriva-linux-gnu
configure:3529: checking target system type
configure:3542: result: x86_64-mandriva-linux-gnu
configure:3592: checking for library combo
configure:3620: result: gnu-gnu-gnu
configure:3630: checking for apple compiler flags
configure:3645: result: yes
configure:3858: checking for ar
configure:3874: found /usr/bin/ar
configure:3885: result: ar
configure:3895: checking for dlltool
configure:3925: result: no
configure:3973: checking for ranlib
configure:3989: found /usr/bin/ranlib
configure:4000: result: ranlib
configure:4038: checking for a BSD-compatible install
configure:4106: result: /usr/bin/install -c
configure:4118: checking if 'install -p' works
configure:4123: result: yes
configure:4130: checking if we should use 'install -p' when installing files
configure:4142: result: yes
configure:4154: checking whether ln -s works
configure:4158: result: yes
configure:4170: checking for gnutar
configure:4200: result: no
configure:4170: checking for gtar
configure:4186: found /bin/gtar
configure:4197: result: gtar
configure:4218: checking for chown
configure:4234: found /bin/chown
configure:4246: result: chown
configure:4268: checking if we should enable strict gnustep-make version 2 mode by default
configure:4285: result: no
configure:4296: checking for GNUstep filesystem layout to use
configure:4308: result: fhs-system
configure:4385: checking if we manage to import the filesystem layout configuration
configure:4391: result: ok
configure:4423: checking for prefix
configure:4443: result: /usr
configure:4490: checking for GNUstep configuration file to use
configure:4521: result: /etc/GNUstep/GNUstep.conf
configure:4540: checking if we should import an existing configuration file
configure:4563: result: no
configure:4579: checking for user config file to use
configure:4601: result: .GNUstep.conf
configure:4608: checking if the obsolete --with-user-dir option was used
configure:4617: result: .gnustep: ignored
configure:4619: WARNING: ignoring --with-user-dir=.gnustep option
configure:4629: checking for user defaults dir to use
configure:4651: result: GNUstep/Defaults
configure:4661: checking for GNUSTEP_MAKEFILES to use
configure:4664: result: /usr/share/GNUstep/Makefiles
configure:4690: checking for flattened directory structure
configure:4720: result: yes
configure:4734: Now printing the filesystem layout configuration.
configure:4737: checking for System Applications directory
configure:4739: result: /usr/lib64/GNUstep/Applications
configure:4742: checking for System Admin Applications directory
configure:4744: result: /usr/lib64/GNUstep/Applications
configure:4747: checking for System Web Applications directory
configure:4749: result: /usr/lib64/GNUstep/WebApplications
configure:4752: checking for System Tools directory
configure:4754: result: /usr/bin
configure:4757: checking for System Admin Tools directory
configure:4759: result: /usr/sbin
configure:4762: checking for System Library directory
configure:4764: result: /usr/lib64/GNUstep
configure:4767: checking for System Headers directory
configure:4769: result: /usr/include
configure:4772: checking for System Libraries directory
configure:4774: result: /usr/lib64
configure:4777: checking for System Documentation directory
configure:4779: result: /usr/share/GNUstep/Documentation
configure:4782: checking for System Info Documentation directory
configure:4784: result: /usr/share/info
configure:4787: checking for System Man Documentation directory
configure:4789: result: /usr/share/man
configure:4793: checking for Network Applications directory
configure:4795: result: /usr/local/lib64/GNUstep/Applications
configure:4798: checking for Network Admin Applications directory
configure:4800: result: /usr/local/lib64/GNUstep/Applications
configure:4803: checking for Network Web Applications directory
configure:4805: result: /usr/lib64/GNUstep/WebApplications
configure:4808: checking for Network Tools directory
configure:4810: result: /usr/local/bin
configure:4813: checking for Network Admin Tools directory
configure:4815: result: /usr/local/sbin
configure:4818: checking for Network Library directory
configure:4820: result: /usr/local/lib64/GNUstep
configure:4823: checking for Network Headers directory
configure:4825: result: /usr/local/include
configure:4828: checking for Network Libraries directory
configure:4830: result: /usr/local/lib64
configure:4833: checking for Network Documentation directory
configure:4835: result: /usr/local/share/GNUstep/Documentation
configure:4838: checking for Network Info Documentation directory
configure:4840: result: /usr/local/share/info
configure:4843: checking for Network Man Documentation directory
configure:4845: result: /usr/local/share/man
configure:4849: checking for Local Applications directory
configure:4851: result: /usr/local/lib64/GNUstep/Applications
configure:4854: checking for Local Admin Applications directory
configure:4856: result: /usr/local/lib64/GNUstep/Applications
configure:4859: checking for Local Web Applications directory
configure:4861: result: /usr/local/lib64/GNUstep/WebApplications
configure:4864: checking for Local Tools directory
configure:4866: result: /usr/local/bin
configure:4869: checking for Local Admin Tools directory
configure:4871: result: /usr/local/sbin
configure:4874: checking for Local Library directory
configure:4876: result: /usr/local/lib64/GNUstep
configure:4879: checking for Local Headers directory
configure:4881: result: /usr/local/include
configure:4884: checking for Local Libraries directory
configure:4886: result: /usr/local/lib64
configure:4889: checking for Local Documentation directory
configure:4891: result: /usr/local/share/GNUstep/Documentation
configure:4894: checking for Local Info Documentation directory
configure:4896: result: /usr/local/share/info
configure:4899: checking for Local Man Documentation directory
configure:4901: result: /usr/local/share/man
configure:4905: checking for User Applications directory
configure:4907: result: GNUstep/Applications
configure:4910: checking for User Admin Applications directory
configure:4912: result: GNUstep/Applications/Admin
configure:4915: checking for User Web Applications directory
configure:4917: result: GNUstep/WebApplications
configure:4920: checking for User Tools directory
configure:4922: result: GNUstep/Tools
configure:4925: checking for User Admin Tools directory
configure:4927: result: GNUstep/Tools/Admin
configure:4930: checking for User Library directory
configure:4932: result: GNUstep/Library
configure:4935: checking for User Headers directory
configure:4937: result: GNUstep/Library/Headers
configure:4940: checking for User Libraries directory
configure:4942: result: GNUstep/Library/Libraries
configure:4945: checking for User Documentation directory
configure:4947: result: GNUstep/Library/Documentation
configure:4950: checking for User Info Documentation directory
configure:4952: result: GNUstep/Library/Documentation/info
configure:4955: checking for User Man Documentation directory
configure:4957: result: GNUstep/Library/Documentation/man
configure:4961: checking for System User directory
configure:4963: result: /home
configure:4966: checking for Network User directory
configure:4968: result: /home
configure:4971: checking for Local User directory
configure:4973: result: /home
configure:5068: checking for custom shared objc library
configure:5134: result: NONE
configure:5183: checking for the flag to link libobjc
configure:5234: result: -lobjc
configure:5258: checking whether objc has thread support
configure:5288: gcc -o conftest -O2 -Wa,--compress-debug-sections -gdwarf-4 -fvar-tracking-assignments -frecord-gcc-switches -Wstrict-aliasing=2 -pipe -Wformat -Werror=format-security -Wp,-D_FORTIFY_SOURCE=2 -fstack-protector --param=ssp-buffer-size=4 -fPIC -x objective-c -I.   -fgnu-runtime -DGNU_RUNTIME   -Wl,--as-needed -Wl,-z,relro -Wl,-O1 -Wl,--build-id -Wl,--enable-new-dtags -Wl,--hash-style=gnu conftest.c -lobjc -lpthread >&5
In file included from conftest.c:9:0:
config_thread.m:7:1: warning: incomplete implementation of class 'NXConstantString' [enabled by default]
config_thread.m:7:1: warning: method definition for '-length' not found [enabled by default]
config_thread.m:7:1: warning: method definition for '-cString' not found [enabled by default]
In file included from conftest.c:9:0:
config_thread.m: In function 'main':
config_thread.m:26:3: warning: 'Object' may not respond to '+new' [enabled by default]
config_thread.m:26:3: warning: (Messages without a matching method signature [enabled by default]
config_thread.m:26:3: warning: will be assumed to return 'id' and accept [enabled by default]
config_thread.m:26:3: warning: '...' as arguments.) [enabled by default]
<built-in>: At top level:
<built-in>:0:0: warning: dereferencing type-punned pointer will break strict-aliasing rules [-Wstrict-aliasing]
<built-in>:0:0: warning: dereferencing type-punned pointer will break strict-aliasing rules [-Wstrict-aliasing]
configure:5288: $? = 0
configure:5288: ./conftest
./configure: line 1849: 32602 Segmentation fault      (core dumped) ./conftest$ac_exeext
configure:5288: $? = 139
configure: program exited with status 139
configure: failed program was:
| /* confdefs.h */
| #define PACKAGE_NAME ""
| #define PACKAGE_TARNAME ""
| #define PACKAGE_VERSION ""
| #define PACKAGE_STRING ""
| #define PACKAGE_BUGREPORT ""
| #define PACKAGE_URL ""
| /* end confdefs.h.  */
| #include "config_thread.m"
configure:5306: gcc -o conftest -O2 -Wa,--compress-debug-sections -gdwarf-4 -fvar-tracking-assignments -frecord-gcc-switches -Wstrict-aliasing=2 -pipe -Wformat -Werror=format-security -Wp,-D_FORTIFY_SOURCE=2 -fstack-protector --param=ssp-buffer-size=4 -fPIC -x objective-c -I.   -fgnu-runtime -DGNU_RUNTIME   -Wl,--as-needed -Wl,-z,relro -Wl,-O1 -Wl,--build-id -Wl,--enable-new-dtags -Wl,--hash-style=gnu conftest.c -lobjc >&5
In file included from conftest.c:9:0:
config_thread.m:7:1: warning: incomplete implementation of class 'NXConstantString' [enabled by default]
config_thread.m:7:1: warning: method definition for '-length' not found [enabled by default]
config_thread.m:7:1: warning: method definition for '-cString' not found [enabled by default]
In file included from conftest.c:9:0:
config_thread.m: In function 'main':
config_thread.m:26:3: warning: 'Object' may not respond to '+new' [enabled by default]
config_thread.m:26:3: warning: (Messages without a matching method signature [enabled by default]
config_thread.m:26:3: warning: will be assumed to return 'id' and accept [enabled by default]
config_thread.m:26:3: warning: '...' as arguments.) [enabled by default]
<built-in>: At top level:
<built-in>:0:0: warning: dereferencing type-punned pointer will break strict-aliasing rules [-Wstrict-aliasing]
<built-in>:0:0: warning: dereferencing type-punned pointer will break strict-aliasing rules [-Wstrict-aliasing]
configure:5306: $? = 0
configure:5306: ./conftest
./configure: line 1849: 32615 Segmentation fault      (core dumped) ./conftest$ac_exeext
configure:5306: $? = 139
configure: program exited with status 139
configure: failed program was:
| /* confdefs.h */
| #define PACKAGE_NAME ""
| #define PACKAGE_TARNAME ""
| #define PACKAGE_VERSION ""
| #define PACKAGE_STRING ""
| #define PACKAGE_BUGREPORT ""
| #define PACKAGE_URL ""
| /* end confdefs.h.  */
| #include "config_thread.m"
configure:5526: result: no
configure:5539: checking whether Objective-C++ is supported
configure:5582: g++ -c -O2 -Wa,--compress-debug-sections -gdwarf-4 -fvar-tracking-assignments -frecord-gcc-switches -Wstrict-aliasing=2 -pipe -Wformat -Werror=format-security -Wp,-D_FORTIFY_SOURCE=2 -fstack-protector --param=ssp-buffer-size=4 -fPIC -x objective-c++  conftest.cpp >&5
g++: error trying to exec 'cc1objplus': execvp: No such file or directory
configure:5582: $? = 1
configure: failed program was:
| /* confdefs.h */
| #define PACKAGE_NAME ""
| #define PACKAGE_TARNAME ""
| #define PACKAGE_VERSION ""
| #define PACKAGE_STRING ""
| #define PACKAGE_BUGREPORT ""
| #define PACKAGE_URL ""
| /* end confdefs.h.  */
| 
| 
| @interface	ObjCClass
| {
|   int x;
| }
| @end
| 
| class CppClass
| {
|   int x;
| };
| 
| int
| main()
| {
|   return 0;
| }
| 
configure:5588: result: no
configure:5620: checking whether we should use the nonfragile ABI
configure:5661: result: not requested by user
configure:5685: checking for the flag to use to do partial linking
configure:5690: result: -r
configure:5704: checking for the GCC version
configure:5731: result: version: 4.7
configure:5752: checking whether the compiler supports native ObjC exceptions
configure:5780: gcc -c -O2 -Wa,--compress-debug-sections -gdwarf-4 -fvar-tracking-assignments -frecord-gcc-switches -Wstrict-aliasing=2 -pipe -Wformat -Werror=format-security -Wp,-D_FORTIFY_SOURCE=2 -fstack-protector --param=ssp-buffer-size=4 -fPIC -x objective-c -I.   -fgnu-runtime -DGNU_RUNTIME -fexceptions -fobjc-exceptions  conftest.c >&5
configure:5780: $? = 0
configure:5790: result: yes
configure:5805: checking if the compiler supports autodependencies
configure:5824: result: yes: gcc version is 4.7 >= 3.0
configure:5838: checking if the compiler supports precompiled headers
configure:5873: result: yes
configure:5897: checking if the compiler requires -shared flag to build for Solaris
configure:5913: result: yes: gcc version is 4.7 >= 4.0
configure:5932: checking if we should enable 'make debug=yes' by default
configure:5948: result: no
configure:5964: checking for gmake
configure:5980: found /usr/bin/gmake
configure:5991: result: gmake
configure:6013: checking for the GNU Make version
configure:6024: result: version: 3.82
configure:6033: checking for GNU Make >= 3.79
configure:6047: result: yes
configure:6063: checking if GNU Make has the info function
configure:6080: result: yes
configure:6092: checking if we should strip makefiles after installation
configure:6108: result: no
configure:6117: checking if we should enable support for parallel building
configure:6128: result: yes
configure:6143: checking for the version of gnustep-make we are compiling
configure:6146: result: 2.6.2
configure:6177: checking for latex2html
configure:6193: found /usr/bin/latex2html
configure:6204: result: latex2html
configure:6221: checking for bash
configure:6239: found /bin/bash
configure:6252: result: /bin/bash
configure:6262: checking for test
configure:6280: found /usr/bin/test
configure:6292: result: /usr/bin/test
configure:6446: creating ./config.status

## ---------------------- ##
## Running config.status. ##
## ---------------------- ##

This file was extended by config.status, which was
generated by GNU Autoconf 2.65.  Invocation command line was

  CONFIG_FILES    = 
  CONFIG_HEADERS  = 
  CONFIG_LINKS    = 
  CONFIG_COMMANDS = 
  $ ./config.status 

on filzbach.lindev.ch

config.status:872: creating config-noarch.make
config.status:872: creating config.make
config.status:872: creating openapp
config.status:872: creating opentool
config.status:872: creating executable.template
config.status:872: creating GNUmakefile
config.status:872: creating GNUstep.conf
config.status:872: creating GNUstep-strict-v2.conf
config.status:872: creating GNUstep.sh
config.status:872: creating GNUstep.csh
config.status:872: creating fixpath.sh
config.status:872: creating gnustep-make.spec
config.status:872: creating gnustep-config
config.status:872: creating TestFramework/gnustep-tests
config.status:872: creating filesystem.make
config.status:872: creating filesystem.sh
config.status:872: creating filesystem.csh
config.status:1029: executing default commands
configure:7481: WARNING: unrecognized options: --disable-silent-rules

## ---------------- ##
## Cache variables. ##
## ---------------- ##

ac_cv_backend=yes
ac_cv_build=x86_64-mandriva-linux-gnu
ac_cv_c_compiler_gnu=yes
ac_cv_cxx_compiler_gnu=yes
ac_cv_debug_by_default=undefined
ac_cv_env_CCC_set=
ac_cv_env_CCC_value=
ac_cv_env_CC_set=
ac_cv_env_CC_value=
ac_cv_env_CFLAGS_set=set
ac_cv_env_CFLAGS_value='-O2 -Wa,--compress-debug-sections -gdwarf-4 -fvar-tracking-assignments -frecord-gcc-switches -Wstrict-aliasing=2 -pipe -Wformat -Werror=format-security -Wp,-D_FORTIFY_SOURCE=2 -fstack-protector --param=ssp-buffer-size=4 -fPIC'
ac_cv_env_CPPFLAGS_set=
ac_cv_env_CPPFLAGS_value=
ac_cv_env_CPP_set=
ac_cv_env_CPP_value=
ac_cv_env_CXXFLAGS_set=set
ac_cv_env_CXXFLAGS_value='-O2 -Wa,--compress-debug-sections -gdwarf-4 -fvar-tracking-assignments -frecord-gcc-switches -Wstrict-aliasing=2 -pipe -Wformat -Werror=format-security -Wp,-D_FORTIFY_SOURCE=2 -fstack-protector --param=ssp-buffer-size=4 -fPIC'
ac_cv_env_CXX_set=
ac_cv_env_CXX_value=
ac_cv_env_LDFLAGS_set=set
ac_cv_env_LDFLAGS_value=' -Wl,--as-needed -Wl,-z,relro -Wl,-O1 -Wl,--build-id -Wl,--enable-new-dtags -Wl,--hash-style=gnu'
ac_cv_env_LIBS_set=
ac_cv_env_LIBS_value=
ac_cv_env_build_alias_set=set
ac_cv_env_build_alias_value=x86_64-mandriva-linux-gnu
ac_cv_env_host_alias_set=
ac_cv_env_host_alias_value=
ac_cv_env_target_alias_set=
ac_cv_env_target_alias_value=
ac_cv_flattened=undefined
ac_cv_host=x86_64-mandriva-linux-gnu
ac_cv_importing_config_file=no
ac_cv_install_p=yes
ac_cv_library_combo=gnu-gnu-gnu
ac_cv_multi_platform=undefined
ac_cv_objc_threaded=
ac_cv_objext=o
ac_cv_parallel_building=yes
ac_cv_path_SHELLPROG=/bin/bash
ac_cv_path_TESTPROG=/usr/bin/test
ac_cv_path_install='/usr/bin/install -c'
ac_cv_prog_AR=ar
ac_cv_prog_CHOWN=chown
ac_cv_prog_CPP='gcc -E'
ac_cv_prog_GNUMAKE=gmake
ac_cv_prog_LATEX2HTML=latex2html
ac_cv_prog_TAR=gtar
ac_cv_prog_ac_ct_CC=gcc
ac_cv_prog_ac_ct_CXX=g++
ac_cv_prog_ac_ct_RANLIB=ranlib
ac_cv_prog_cc_c89=
ac_cv_prog_cc_g=yes
ac_cv_prog_cxx_g=yes
ac_cv_strict_v2_mode=no
ac_cv_strip_makefiles=undefined
ac_cv_target=x86_64-mandriva-linux-gnu
gs_cv_gcc_major_version=4
gs_cv_gcc_minor_version=7
gs_cv_gcc_parsed_version=4.7
gs_cv_make_major_version=3
gs_cv_make_minor_version=82
gs_cv_make_version=3.82
gs_cv_objc_incdir=NONE
gs_cv_objc_libdir=NONE
gs_cv_using_clang=0

## ----------------- ##
## Output variables. ##
## ----------------- ##

AR='ar'
AUTO_DEPENDENCIES='yes'
BACKEND_BUNDLE='yes'
CC='gcc'
CFLAGS='-O2 -Wa,--compress-debug-sections -gdwarf-4 -fvar-tracking-assignments -frecord-gcc-switches -Wstrict-aliasing=2 -pipe -Wformat -Werror=format-security -Wp,-D_FORTIFY_SOURCE=2 -fstack-protector --param=ssp-buffer-size=4 -fPIC'
CHOWN='chown'
CPP='gcc -E'
CPPFLAGS=''
CXX='g++'
CXXFLAGS='-O2 -Wa,--compress-debug-sections -gdwarf-4 -fvar-tracking-assignments -frecord-gcc-switches -Wstrict-aliasing=2 -pipe -Wformat -Werror=format-security -Wp,-D_FORTIFY_SOURCE=2 -fstack-protector --param=ssp-buffer-size=4 -fPIC'
CYGWIN='no'
DEFS='-DPACKAGE_NAME=\"\" -DPACKAGE_TARNAME=\"\" -DPACKAGE_VERSION=\"\" -DPACKAGE_STRING=\"\" -DPACKAGE_BUGREPORT=\"\" -DPACKAGE_URL=\"\"'
DLLTOOL=''
ECHO_C=''
ECHO_N='-n'
ECHO_T=''
EXEEXT=''
GCC_WITH_PRECOMPILED_HEADERS='yes'
GNUMAKE='gmake'
GNUSTEP_ABSOLUTE_INSTALL_PATHS=''
GNUSTEP_CONFIG_FILE='/etc/GNUstep/GNUstep.conf'
GNUSTEP_DEFAULT_DEBUG='no'
GNUSTEP_FLATTENED='yes'
GNUSTEP_IS_FLATTENED='yes'
GNUSTEP_LOCAL_ADMIN_APPS='/usr/local/lib64/GNUstep/Applications'
GNUSTEP_LOCAL_ADMIN_TOOLS='/usr/local/sbin'
GNUSTEP_LOCAL_APPS='/usr/local/lib64/GNUstep/Applications'
GNUSTEP_LOCAL_DOC='/usr/local/share/GNUstep/Documentation'
GNUSTEP_LOCAL_DOC_INFO='/usr/local/share/info'
GNUSTEP_LOCAL_DOC_MAN='/usr/local/share/man'
GNUSTEP_LOCAL_HEADERS='/usr/local/include'
GNUSTEP_LOCAL_LIBRARIES='/usr/local/lib64'
GNUSTEP_LOCAL_LIBRARY='/usr/local/lib64/GNUstep'
GNUSTEP_LOCAL_ROOT='/usr/Local'
GNUSTEP_LOCAL_TOOLS='/usr/local/bin'
GNUSTEP_LOCAL_USERS_DIR='/home'
GNUSTEP_LOCAL_WEB_APPS='/usr/local/lib64/GNUstep/WebApplications'
GNUSTEP_MAKEFILES='/usr/share/GNUstep/Makefiles'
GNUSTEP_MAKE_MAJOR_VERSION='2'
GNUSTEP_MAKE_MINOR_VERSION='6'
GNUSTEP_MAKE_PARALLEL_BUILDING='yes'
GNUSTEP_MAKE_STRICT_V2_MODE='no'
GNUSTEP_MAKE_SUBMINOR_VERSION='2'
GNUSTEP_MAKE_VERSION='2.6.2'
GNUSTEP_MULTI_PLATFORM=''
GNUSTEP_NETWORK_ADMIN_APPS='/usr/local/lib64/GNUstep/Applications'
GNUSTEP_NETWORK_ADMIN_TOOLS='/usr/local/sbin'
GNUSTEP_NETWORK_APPS='/usr/local/lib64/GNUstep/Applications'
GNUSTEP_NETWORK_DOC='/usr/local/share/GNUstep/Documentation'
GNUSTEP_NETWORK_DOC_INFO='/usr/local/share/info'
GNUSTEP_NETWORK_DOC_MAN='/usr/local/share/man'
GNUSTEP_NETWORK_HEADERS='/usr/local/include'
GNUSTEP_NETWORK_LIBRARIES='/usr/local/lib64'
GNUSTEP_NETWORK_LIBRARY='/usr/local/lib64/GNUstep'
GNUSTEP_NETWORK_ROOT='/usr/Network'
GNUSTEP_NETWORK_TOOLS='/usr/local/bin'
GNUSTEP_NETWORK_USERS_DIR='/home'
GNUSTEP_NETWORK_WEB_APPS='/usr/lib64/GNUstep/WebApplications'
GNUSTEP_STRIP_MAKEFILES=''
GNUSTEP_SYSTEM_ADMIN_APPS='/usr/lib64/GNUstep/Applications'
GNUSTEP_SYSTEM_ADMIN_TOOLS='/usr/sbin'
GNUSTEP_SYSTEM_APPS='/usr/lib64/GNUstep/Applications'
GNUSTEP_SYSTEM_DOC='/usr/share/GNUstep/Documentation'
GNUSTEP_SYSTEM_DOC_INFO='/usr/share/info'
GNUSTEP_SYSTEM_DOC_MAN='/usr/share/man'
GNUSTEP_SYSTEM_HEADERS='/usr/include'
GNUSTEP_SYSTEM_LIBRARIES='/usr/lib64'
GNUSTEP_SYSTEM_LIBRARY='/usr/lib64/GNUstep'
GNUSTEP_SYSTEM_ROOT='/usr/System'
GNUSTEP_SYSTEM_TOOLS='/usr/bin'
GNUSTEP_SYSTEM_USERS_DIR='/home'
GNUSTEP_SYSTEM_WEB_APPS='/usr/lib64/GNUstep/WebApplications'
GNUSTEP_USER_CONFIG_FILE='.GNUstep.conf'
GNUSTEP_USER_DEFAULTS_DIR='GNUstep/Defaults'
GNUSTEP_USER_DIR='GNUstep'
GNUSTEP_USER_DIR_ADMIN_APPS='GNUstep/Applications/Admin'
GNUSTEP_USER_DIR_ADMIN_TOOLS='GNUstep/Tools/Admin'
GNUSTEP_USER_DIR_APPS='GNUstep/Applications'
GNUSTEP_USER_DIR_DOC='GNUstep/Library/Documentation'
GNUSTEP_USER_DIR_DOC_INFO='GNUstep/Library/Documentation/info'
GNUSTEP_USER_DIR_DOC_MAN='GNUstep/Library/Documentation/man'
GNUSTEP_USER_DIR_HEADERS='GNUstep/Library/Headers'
GNUSTEP_USER_DIR_LIBRARIES='GNUstep/Library/Libraries'
GNUSTEP_USER_DIR_LIBRARY='GNUstep/Library'
GNUSTEP_USER_DIR_TOOLS='GNUstep/Tools'
GNUSTEP_USER_DIR_WEB_APPS='GNUstep/WebApplications'
HOST_INSTALL='/usr/bin/install -c -p'
INCLUDES=''
INSTALL_DATA='${INSTALL} -m 644'
INSTALL_PROGRAM='${INSTALL}'
INSTALL_SCRIPT='${INSTALL}'
LATEX2HTML='latex2html'
LDFLAGS=' -Wl,--as-needed -Wl,-z,relro -Wl,-O1 -Wl,--build-id -Wl,--enable-new-dtags -Wl,--hash-style=gnu'
LIBOBJS=''
LIBS=''
LIB_DIR=''
LN_S='ln -s'
LTLIBOBJS=''
MAKE_WITH_INFO_FUNCTION='yes'
OBJCFLAGS=''
OBJCXX=''
OBJC_LIB_FLAG=''
OBJC_WITH_GC='no'
OBJEXT='o'
OBJ_MERGE_CMD_FLAG='-r'
PACKAGE_BUGREPORT=''
PACKAGE_NAME=''
PACKAGE_STRING=''
PACKAGE_TARNAME=''
PACKAGE_URL=''
PACKAGE_VERSION=''
PATH_SEPARATOR=':'
RANLIB='ranlib'
SHELL='/bin/sh'
SHELLPROG='/bin/bash'
SOLARIS_SHARED='yes'
TAR='gtar'
TESTPROG='/usr/bin/test'
USE_NONFRAGILE_ABI='no'
USE_OBJC_EXCEPTIONS='yes'
ac_ct_CC='gcc'
ac_ct_CXX='g++'
ac_cv_library_combo='gnu-gnu-gnu'
ac_cv_objc_threaded=''
bindir='/usr/bin'
build='x86_64-mandriva-linux-gnu'
build_alias='x86_64-mandriva-linux-gnu'
build_cpu='x86_64'
build_os='linux-gnu'
build_vendor='mandriva'
cc_bundle='yes'
cc_cppprecomp='no'
cc_gnuruntime=''
clean_target_cpu='x86_64'
clean_target_os='linux-gnu'
clean_target_vendor='mandriva'
datadir='/usr/share'
datarootdir='${prefix}/share'
docdir='${datarootdir}/doc/${PACKAGE}'
dvidir='${docdir}'
exec_prefix='/usr'
host='x86_64-mandriva-linux-gnu'
host_alias=''
host_cpu='x86_64'
host_os='linux-gnu'
host_vendor='mandriva'
htmldir='${docdir}'
includedir='/usr/include'
infodir='/usr/share/info'
libdir='/usr/lib64'
libexecdir='/usr/lib64'
localedir='${datarootdir}/locale'
localstatedir='/var'
mandir='/usr/share/man'
objc_threaded=''
oldincludedir='/usr/include'
pdfdir='${docdir}'
prefix='/usr'
program_transform_name='s,x,x,'
psdir='${docdir}'
sbindir='/usr/sbin'
sharedstatedir='/usr/com'
sysconfdir='/etc'
target='x86_64-mandriva-linux-gnu'
target_alias=''
target_cpu='x86_64'
target_os='linux-gnu'
target_vendor='mandriva'

## ----------- ##
## confdefs.h. ##
## ----------- ##

/* confdefs.h */
#define PACKAGE_NAME ""
#define PACKAGE_TARNAME ""
#define PACKAGE_VERSION ""
#define PACKAGE_STRING ""
#define PACKAGE_BUGREPORT ""
#define PACKAGE_URL ""

configure: exit 0
